[0912/145623.047:INFO:CONSOLE(115)] "Event handler of 'x-storagemutated-1' event must be added on the initial evaluation of worker script.", source: https://static.whatsapp.net/rsrc.php/v4/yT/r/WlA3vSLKWGB.js (115)
[0912/145626.340:INFO:CONSOLE(0)] "Error with Permissions-Policy header: Feature xr-spatial-tracking's parameters are ignored.", source:  (0)
[0912/145626.340:INFO:CONSOLE(0)] "Error with Permissions-Policy header: Origin trial controlled feature not enabled: 'attribution-reporting'.", source:  (0)
[0912/145626.340:INFO:CONSOLE(0)] "Error with Permissions-Policy header: Unrecognized feature: 'compute-pressure'.", source:  (0)
[0912/145626.341:INFO:CONSOLE(0)] "Error with Permissions-Policy header: Origin trial controlled feature not enabled: 'interest-cohort'.", source:  (0)
[0912/145626.341:INFO:CONSOLE(0)] "Error with Permissions-Policy header: Unrecognized feature: 'private-state-token-issuance'.", source:  (0)
[0912/145626.341:INFO:CONSOLE(0)] "Error with Permissions-Policy header: Origin trial controlled feature not enabled: 'shared-storage'.", source:  (0)
[0912/145626.341:INFO:CONSOLE(0)] "Error with Permissions-Policy header: Unrecognized feature: 'shared-storage-select-url'.", source:  (0)
[0912/145626.341:INFO:CONSOLE(0)] "Error with Permissions-Policy header: Unrecognized feature: 'private-state-token-redemption'.", source:  (0)
[0912/145626.341:INFO:CONSOLE(0)] "Error with Permissions-Policy header: Unrecognized feature: 'unload'.", source:  (0)
[0912/145626.341:INFO:CONSOLE(0)] "Error with Permissions-Policy header: Unrecognized feature: 'window-management'.", source:  (0)
[0912/145626.341:INFO:CONSOLE(0)] "Document-Policy HTTP header: Unrecognized document policy feature name include-js-call-stacks-in-crash-reports.", source: https://web.whatsapp.com/ (0)
[0912/145632.061:INFO:CONSOLE(115)] "Event handler of 'x-storagemutated-1' event must be added on the initial evaluation of worker script.", source: https://static.whatsapp.net/rsrc.php/v4/y1/r/F7yvCFgdiTL.js (115)
[0912/150704.457:INFO:CONSOLE(115)] "Event handler of 'x-storagemutated-1' event must be added on the initial evaluation of worker script.", source: https://static.whatsapp.net/rsrc.php/v4/y1/r/F7yvCFgdiTL.js (115)
[0912/151626.668:INFO:CONSOLE(115)] "Event handler of 'x-storagemutated-1' event must be added on the initial evaluation of worker script.", source: https://static.whatsapp.net/rsrc.php/v4/y1/r/F7yvCFgdiTL.js (115)
[0912/152125.107:ERROR:cache_util_win.cc(20)] Unable to move the cache: Access is denied. (0x5)
[0912/152125.107:ERROR:disk_cache.cc(205)] Unable to create cache
[0912/152125.107:ERROR:gpu_disk_cache.cc(673)] Gpu Cache Creation failed: -2
[0912/152125.108:ERROR:cache_util_win.cc(20)] Unable to move the cache: Access is denied. (0x5)
[0912/152125.109:ERROR:disk_cache.cc(205)] Unable to create cache
[0912/152125.109:ERROR:gpu_disk_cache.cc(673)] Gpu Cache Creation failed: -2
[0912/152127.114:ERROR:cache_util_win.cc(20)] Unable to move the cache: Access is denied. (0x5)
[0912/152127.114:ERROR:disk_cache.cc(205)] Unable to create cache
[0912/152128.103:ERROR:service_worker_storage.cc(1933)] Failed to delete the database: Database IO error
[0912/152202.004:INFO:CONSOLE(115)] "Event handler of 'x-storagemutated-1' event must be added on the initial evaluation of worker script.", source: https://static.whatsapp.net/rsrc.php/v4/y1/r/F7yvCFgdiTL.js (115)
[0912/171329.856:WARNING:dns_config_service_win.cc(584)] Failed to read DnsConfig.
[0912/171329.859:WARNING:dns_config_service_win.cc(584)] Failed to read DnsConfig.
[0912/171332.617:WARNING:dns_config_service_win.cc(584)] Failed to read DnsConfig.
[0912/171332.625:WARNING:dns_config_service_win.cc(584)] Failed to read DnsConfig.
[0912/171332.708:INFO:CONSOLE(115)] "Event handler of 'x-storagemutated-1' event must be added on the initial evaluation of worker script.", source: https://static.whatsapp.net/rsrc.php/v4/y1/r/F7yvCFgdiTL.js (115)
[0912/171332.854:WARNING:dns_config_service_win.cc(584)] Failed to read DnsConfig.
[0912/171332.919:WARNING:dns_config_service_win.cc(584)] Failed to read DnsConfig.
[0912/171333.641:WARNING:dns_config_service_win.cc(584)] Failed to read DnsConfig.
[0912/171333.660:WARNING:dns_config_service_win.cc(584)] Failed to read DnsConfig.
[0912/181708.845:WARNING:dns_config_service_win.cc(584)] Failed to read DnsConfig.
[0912/181708.862:WARNING:dns_config_service_win.cc(584)] Failed to read DnsConfig.
[0912/181710.184:WARNING:dns_config_service_win.cc(584)] Failed to read DnsConfig.
[0912/181710.228:WARNING:dns_config_service_win.cc(584)] Failed to read DnsConfig.
[0912/181710.372:INFO:CONSOLE(115)] "Event handler of 'x-storagemutated-1' event must be added on the initial evaluation of worker script.", source: https://static.whatsapp.net/rsrc.php/v4/y1/r/F7yvCFgdiTL.js (115)
[0912/181715.228:WARNING:dns_config_service_win.cc(584)] Failed to read DnsConfig.
[0912/181715.266:WARNING:dns_config_service_win.cc(584)] Failed to read DnsConfig.
[0912/182027.379:INFO:CONSOLE(115)] "Event handler of 'x-storagemutated-1' event must be added on the initial evaluation of worker script.", source: https://static.whatsapp.net/rsrc.php/v4/y1/r/F7yvCFgdiTL.js (115)
